<?xml version="1.0" encoding="UTF-8"?>
<!-- Generated by org.testng.reporters.JUnitReportReporter -->
<testsuite skipped="0" hostname="A2ML23687" name="testClasses.NewTest" tests="1" failures="0" timestamp="22 Aug 2018 17:52:43 GMT" time="11.119" errors="0">
  <testcase name="testLoginFail" time="11.119" classname="testClasses.NewTest"/>
</testsuite> <!-- testClasses.NewTest -->
